[WARNING] 
[WARNING] Some problems were encountered while building the effective settings
[WARNING] Unrecognised tag: 'distributionManagement' (position: START_TAG seen ...<!-- \u53d1\u5e03jar\u5230\u79c1\u670d\u9700\u8981\u914d\u7f6e\u6b64\u9879 -->\n\t<distributionManagement>... @174:26)  @ D:\apache-maven-3.6.3\bin\..\conf\settings.xml, line 174, column 26
[WARNING] 
[INFO] Scanning for projects...
[INFO] 
[INFO] -----------------< com.example:openclaw-review-admin >------------------
[INFO] Building openclaw-review-admin 0.0.1-SNAPSHOT
[INFO] --------------------------------[ jar ]---------------------------------
[INFO] 
[INFO] >>> spring-boot-maven-plugin:3.4.4:run (default-cli) > test-compile @ openclaw-review-admin >>>
[INFO] 
[INFO] --- maven-resources-plugin:3.3.1:resources (default-resources) @ openclaw-review-admin ---
[INFO] Copying 1 resource from src\main\resources to target\classes
[INFO] Copying 3 resources from src\main\resources to target\classes
[INFO] 
[INFO] --- maven-compiler-plugin:3.13.0:compile (default-compile) @ openclaw-review-admin ---
[INFO] Nothing to compile - all classes are up to date.
[INFO] 
[INFO] --- maven-resources-plugin:3.3.1:testResources (default-testResources) @ openclaw-review-admin ---
[INFO] skip non existing resourceDirectory D:\CodexProject\test-calw\src\test\resources
[INFO] 
[INFO] --- maven-compiler-plugin:3.13.0:testCompile (default-testCompile) @ openclaw-review-admin ---
[INFO] Nothing to compile - all classes are up to date.
[INFO] 
[INFO] <<< spring-boot-maven-plugin:3.4.4:run (default-cli) < test-compile @ openclaw-review-admin <<<
[INFO] 
[INFO] 
[INFO] --- spring-boot-maven-plugin:3.4.4:run (default-cli) @ openclaw-review-admin ---
[INFO] Attaching agents: []

  .   ____          _            __ _ _
 /\\ / ___'_ __ _ _(_)_ __  __ _ \ \ \ \
( ( )\___ | '_ | '_| | '_ \/ _` | \ \ \ \
 \\/  ___)| |_)| | | | | || (_| |  ) ) ) )
  '  |____| .__|_| |_|_| |_\__, | / / / /
 =========|_|==============|___/=/_/_/_/

 :: Spring Boot ::                (v3.4.4)

2026-04-15T14:44:42.601+08:00  INFO 52200 --- [openclaw-review-admin] [           main] c.e.s.SpringAiAlibabaDemoApplication     : Starting SpringAiAlibabaDemoApplication using Java 17.0.13 with PID 52200 (D:\CodexProject\test-calw\target\classes started by lsym005169 in D:\CodexProject\test-calw)
2026-04-15T14:44:42.604+08:00  INFO 52200 --- [openclaw-review-admin] [           main] c.e.s.SpringAiAlibabaDemoApplication     : No active profile set, falling back to 1 default profile: "default"
2026-04-15T14:44:44.538+08:00  INFO 52200 --- [openclaw-review-admin] [           main] o.s.b.w.embedded.tomcat.TomcatWebServer  : Tomcat initialized with port 8080 (http)
2026-04-15T14:44:44.585+08:00  INFO 52200 --- [openclaw-review-admin] [           main] o.apache.catalina.core.StandardService   : Starting service [Tomcat]
2026-04-15T14:44:44.586+08:00  INFO 52200 --- [openclaw-review-admin] [           main] o.apache.catalina.core.StandardEngine    : Starting Servlet engine: [Apache Tomcat/10.1.39]
2026-04-15T14:44:44.696+08:00  INFO 52200 --- [openclaw-review-admin] [           main] o.a.c.c.C.[Tomcat].[localhost].[/]       : Initializing Spring embedded WebApplicationContext
2026-04-15T14:44:44.697+08:00  INFO 52200 --- [openclaw-review-admin] [           main] w.s.c.ServletWebServerApplicationContext : Root WebApplicationContext: initialization completed in 2035 ms
 _ _   |_  _ _|_. ___ _ |    _ 
| | |\/|_)(_| | |_\  |_)||_|_\ 
     /               |         
                        3.5.7 
2026-04-15T14:44:45.421+08:00  INFO 52200 --- [openclaw-review-admin] [           main] o.s.b.a.w.s.WelcomePageHandlerMapping    : Adding welcome page: class path resource [static/index.html]
2026-04-15T14:44:45.734+08:00  WARN 52200 --- [openclaw-review-admin] [           main] ConfigServletWebServerApplicationContext : Exception encountered during context initialization - cancelling refresh attempt: org.springframework.context.ApplicationContextException: Failed to start bean 'webServerStartStop'
2026-04-15T14:44:45.754+08:00  INFO 52200 --- [openclaw-review-admin] [           main] .s.b.a.l.ConditionEvaluationReportLogger : 

Error starting ApplicationContext. To display the condition evaluation report re-run your application with 'debug' enabled.
2026-04-15T14:44:45.776+08:00 ERROR 52200 --- [openclaw-review-admin] [           main] o.s.b.d.LoggingFailureAnalysisReporter   : 

***************************
APPLICATION FAILED TO START
***************************

Description:

Web server failed to start. Port 8080 was already in use.

Action:

Identify and stop the process that's listening on port 8080 or configure this application to listen on another port.

[INFO] ------------------------------------------------------------------------
[INFO] BUILD FAILURE
[INFO] ------------------------------------------------------------------------
[INFO] Total time:  7.064 s
[INFO] Finished at: 2026-04-15T14:44:45+08:00
[INFO] ------------------------------------------------------------------------
[ERROR] Failed to execute goal org.springframework.boot:spring-boot-maven-plugin:3.4.4:run (default-cli) on project openclaw-review-admin: Process terminated with exit code: 1 -> [Help 1]
[ERROR] 
[ERROR] To see the full stack trace of the errors, re-run Maven with the -e switch.
[ERROR] Re-run Maven using the -X switch to enable full debug logging.
[ERROR] 
[ERROR] For more information about the errors and possible solutions, please read the following articles:
[ERROR] [Help 1] http://cwiki.apache.org/confluence/display/MAVEN/MojoExecutionException
